<?xml version="1.0" encoding="UTF-8"?>
<!-- Generated by org.testng.reporters.JUnitReportReporter -->
<testsuite skipped="0" hostname="Sadeq-PC" name="util.BrowserFactory" tests="1" failures="0" timestamp="2021-11-18T03:02:11 COT" time="7.385" errors="0">
  <testcase name="init" time="7.385" classname="util.BrowserFactory"/>
  <system-out/>
</testsuite> <!-- util.BrowserFactory -->
