<?xml version="1.0" encoding="UTF-8"?>
<!-- Generated by org.testng.reporters.JUnitReportReporter -->
<testsuite skipped="0" hostname="Sadeq-PC" name="test.AddCustomerTest" tests="1" failures="0" timestamp="2021-11-19T00:22:54 COT" time="12.777" errors="0">
  <testcase name="validUserSholdBEAbleToAddCustomer" time="12.777" classname="test.AddCustomerTest"/>
  <system-out/>
</testsuite> <!-- test.AddCustomerTest -->
